<?xml version="1.0" encoding="UTF-8"?>
<!-- Generated by org.testng.reporters.JUnitReportReporter -->
<testsuite hostname="DESKTOP-MN8SR0A" name="com.qa.tests.LoginPageTest" tests="2" failures="0" timestamp="13 Feb 2019 04:06:30 GMT" time="21.796" errors="0">
  <testcase name="logintest" time="12.889" classname="com.qa.tests.LoginPageTest"/>
  <testcase name="crmLogoImageTest" time="8.907" classname="com.qa.tests.LoginPageTest"/>
</testsuite> <!-- com.qa.tests.LoginPageTest -->
