<?xml version="1.0" encoding="UTF-8"?>
<!-- Generated by org.testng.reporters.JUnitReportReporter -->
<testsuite hostname="DESKTOP-MN8SR0A" name="com.qa.tests.HomePageTest" tests="2" failures="0" timestamp="13 Feb 2019 04:06:30 GMT" time="23.682" errors="0">
  <testcase name="verifyHomePageTitleTest" time="12.486" classname="com.qa.tests.HomePageTest"/>
  <testcase name="verifyUserNameTest" time="11.196" classname="com.qa.tests.HomePageTest"/>
</testsuite> <!-- com.qa.tests.HomePageTest -->
