<?xml version="1.0" encoding="UTF-8"?>
<!-- Generated by org.testng.reporters.JUnitReportReporter -->
<testsuite hostname="DESKTOP-MN8SR0A" name="com.qa.pages.homepage" tests="1" failures="0" timestamp="2 Feb 2019 02:03:14 GMT" time="2.134" errors="0">
  <testcase name="login" time="2.134" classname="com.qa.pages.homepage"/>
</testsuite> <!-- com.qa.pages.homepage -->
