<?xml version="1.0" encoding="UTF-8"?>
<!-- Generated by org.testng.reporters.JUnitReportReporter -->
<testsuite hostname="DESKTOP-MN8SR0A" name="com.qa.tests.ContactsPageTest" tests="1" failures="0" timestamp="13 Feb 2019 04:06:30 GMT" time="10.184" errors="0">
  <testcase name="verifyContactsPageLabel" time="10.184" classname="com.qa.tests.ContactsPageTest"/>
</testsuite> <!-- com.qa.tests.ContactsPageTest -->
